#-----------------------------------------------------------
# Vivado v2015.4 (64-bit)
# SW Build 1412921 on Wed Nov 18 09:43:45 MST 2015
# IP Build 1412160 on Tue Nov 17 13:47:24 MST 2015
# Start of session at: Fri Jul 21 12:09:34 2017
# Process ID: 6652
# Current directory: D:/Vivado_Program_Files/20170711_ESP8266/ESP8266_Config_0.1
# Command line: vivado.exe -gui_launcher_event rodinguilauncherevent7568 D:\Vivado_Program_Files\20170711_ESP8266\ESP8266_Config_0.1\ESP8266_Config_0.1.xpr
# Log file: D:/Vivado_Program_Files/20170711_ESP8266/ESP8266_Config_0.1/vivado.log
# Journal file: D:/Vivado_Program_Files/20170711_ESP8266/ESP8266_Config_0.1\vivado.jou
#-----------------------------------------------------------
start_gui
open_project D:/Vivado_Program_Files/20170711_ESP8266/ESP8266_Config_0.1/ESP8266_Config_0.1.xpr
Scanning sources...
Finished scanning sources
INFO: [IP_Flow 19-234] Refreshing IP repositories
INFO: [IP_Flow 19-1704] No user IP repositories specified
INFO: [IP_Flow 19-2313] Loaded Vivado IP repository 'D:/Xilinx/Vivado/2015.4/data/ip'.
open_project: Time (s): cpu = 00:00:16 ; elapsed = 00:00:07 . Memory (MB): peak = 854.391 ; gain = 225.504
open_hw
INFO: [Labtools 27-2285] Connecting to hw_server url TCP:localhost:3121
INFO: [Labtools 27-2222] Launching hw_server...
INFO: [Labtools 27-2221] Launch Output:

****** Xilinx hw_server v2015.4
  **** Build date : Nov 17 2015-18:01:07
    ** Copyright 1986-1999, 2001-2015 Xilinx, Inc. All Rights Reserved.


connect_hw_server: Time (s): cpu = 00:00:01 ; elapsed = 00:00:07 . Memory (MB): peak = 854.391 ; gain = 0.000
connect_hw_server -url localhost:3121
INFO: [Labtools 27-2285] Connecting to hw_server url TCP:localhost:3121
current_hw_target [get_hw_targets */xilinx_tcf/Digilent/210183A2801AA]
set_property PARAM.FREQUENCY 1000000 [get_hw_targets */xilinx_tcf/Digilent/210183A2801AA]
open_hw_target
INFO: [Labtoolstcl 44-466] Opening hw_target localhost:3121/xilinx_tcf/Digilent/210183A2801AA
set_property PROGRAM.FILE {D:/Vivado_Program_Files/20170711_ESP8266/ESP8266_Config_0.1/ESP8266_Config_0.1.runs/impl_1/ESP8266_ClientConfig.bit} [lindex [get_hw_devices] 0]
set_property PROBES.FILE {D:/Vivado_Program_Files/20170711_ESP8266/ESP8266_Config_0.1/ESP8266_Config_0.1.runs/impl_1/debug_nets.ltx} [lindex [get_hw_devices] 0]
current_hw_device [lindex [get_hw_devices] 0]
refresh_hw_device [lindex [get_hw_devices] 0]
INFO: [Labtools 27-2302] Device xc7a35t (JTAG device index = 0) is programmed with a design that has 1 ILA core(s).
ERROR: [Labtools 27-1973] Mismatch between the design programmed into the device xc7a35t (JTAG device index = 0) and the probes file D:/Vivado_Program_Files/20170711_ESP8266/ESP8266_Config_0.1/ESP8266_Config_0.1.runs/impl_1/debug_nets.ltx.
 The device core at location user chain=1 index=0, has 8 ILA Input port(s), but the core in the probes file has 6 ILA Input port(s).
Resolution: 
1. Reprogram device with the correct programming file and associated probes file OR
2. Goto device properties and associate the correct probes file with the programming file already programmed in the device.
set_property PROBES.FILE {D:/Vivado_Program_Files/20170711_ESP8266/ESP8266_Config_0.4/ESP8266_Config_0.4.runs/impl_1/debug_nets.ltx} [lindex [get_hw_devices] 0]
set_property PROGRAM.FILE {D:/Vivado_Program_Files/20170711_ESP8266/ESP8266_Config_0.4/ESP8266_Config_0.4.runs/impl_1/ESP8266_ClientConfig.bit} [lindex [get_hw_devices] 0]
program_hw_devices [lindex [get_hw_devices] 0]
INFO: [Labtools 27-3164] End of startup status: HIGH
program_hw_devices: Time (s): cpu = 00:00:19 ; elapsed = 00:00:18 . Memory (MB): peak = 929.527 ; gain = 0.000
refresh_hw_device [lindex [get_hw_devices] 0]
INFO: [Labtools 27-2302] Device xc7a35t (JTAG device index = 0) is programmed with a design that has 1 ILA core(s).
display_hw_ila_data [ get_hw_ila_data hw_ila_data_1 -of_objects [get_hw_ilas -of_objects [get_hw_devices xc7a35t_0] -filter {CELL_NAME=~"inst_ila_uart"}]]
WARNING: Simulation object data_stream_out was not found in the design.
WARNING: [IP_Flow 19-4067] Ignoring invalid widget type specified checkbox.Providing a default widget
set_property -dict [list CONFIG.C_PROBE6_WIDTH {8} CONFIG.C_NUM_OF_PROBES {7}] [get_ips ila_uart]
generate_target all [get_files  D:/Vivado_Program_Files/20170711_ESP8266/ESP8266_Config_0.1/ESP8266_Config_0.1.srcs/sources_1/ip/ila_uart/ila_uart.xci]
INFO: [IP_Flow 19-1686] Generating 'Instantiation Template' target for IP 'ila_uart'...
INFO: [IP_Flow 19-1686] Generating 'Synthesis' target for IP 'ila_uart'...
INFO: [Device 21-403] Loading part xc7a35tcpg236-1
INFO: [IP_Flow 19-1686] Generating 'Simulation' target for IP 'ila_uart'...
INFO: [IP_Flow 19-1686] Generating 'Change Log' target for IP 'ila_uart'...
export_ip_user_files -of_objects [get_files D:/Vivado_Program_Files/20170711_ESP8266/ESP8266_Config_0.1/ESP8266_Config_0.1.srcs/sources_1/ip/ila_uart/ila_uart.xci] -no_script -force -quiet
reset_run ila_uart_synth_1
launch_run -jobs 4 ila_uart_synth_1
[Fri Jul 21 12:16:29 2017] Launched ila_uart_synth_1...
Run output will be captured here: D:/Vivado_Program_Files/20170711_ESP8266/ESP8266_Config_0.1/ESP8266_Config_0.1.runs/ila_uart_synth_1/runme.log
INFO: [Vivado 12-4357] Exporting simulation files for 'ila_uart'... please wait for 'ila_uart_synth_1' run to finish...
wait_on_run ila_uart_synth_1
[Fri Jul 21 12:16:29 2017] Waiting for ila_uart_synth_1 to finish...
[Fri Jul 21 12:16:34 2017] Waiting for ila_uart_synth_1 to finish...
[Fri Jul 21 12:16:39 2017] Waiting for ila_uart_synth_1 to finish...
[Fri Jul 21 12:16:44 2017] Waiting for ila_uart_synth_1 to finish...
[Fri Jul 21 12:16:54 2017] Waiting for ila_uart_synth_1 to finish...
[Fri Jul 21 12:17:04 2017] Waiting for ila_uart_synth_1 to finish...
[Fri Jul 21 12:17:14 2017] Waiting for ila_uart_synth_1 to finish...
[Fri Jul 21 12:17:24 2017] Waiting for ila_uart_synth_1 to finish...
[Fri Jul 21 12:17:45 2017] Waiting for ila_uart_synth_1 to finish...
[Fri Jul 21 12:18:05 2017] Waiting for ila_uart_synth_1 to finish...
[Fri Jul 21 12:18:25 2017] Waiting for ila_uart_synth_1 to finish...
[Fri Jul 21 12:18:45 2017] Waiting for ila_uart_synth_1 to finish...
[Fri Jul 21 12:19:05 2017] ila_uart_synth_1 finished
wait_on_run: Time (s): cpu = 00:00:05 ; elapsed = 00:02:35 . Memory (MB): peak = 1185.762 ; gain = 25.625
export_simulation -of_objects [get_files D:/Vivado_Program_Files/20170711_ESP8266/ESP8266_Config_0.1/ESP8266_Config_0.1.srcs/sources_1/ip/ila_uart/ila_uart.xci] -directory D:/Vivado_Program_Files/20170711_ESP8266/ESP8266_Config_0.1/ESP8266_Config_0.1.ip_user_files/sim_scripts -force -quiet
set_property source_mgmt_mode All [current_project]
WARNING: [IP_Flow 19-4067] Ignoring invalid widget type specified checkbox.Providing a default widget
reset_run synth_1
launch_runs impl_1 -to_step write_bitstream -jobs 4
[Fri Jul 21 12:20:39 2017] Launched synth_1...
Run output will be captured here: D:/Vivado_Program_Files/20170711_ESP8266/ESP8266_Config_0.1/ESP8266_Config_0.1.runs/synth_1/runme.log
[Fri Jul 21 12:20:39 2017] Launched impl_1...
Run output will be captured here: D:/Vivado_Program_Files/20170711_ESP8266/ESP8266_Config_0.1/ESP8266_Config_0.1.runs/impl_1/runme.log
set_property PROBES.FILE {D:/Vivado_Program_Files/20170711_ESP8266/ESP8266_Config_0.4/ESP8266_Config_0.4.runs/impl_1/debug_nets.ltx} [lindex [get_hw_devices] 0]
set_property PROGRAM.FILE {D:/Vivado_Program_Files/20170711_ESP8266/ESP8266_Config_0.4/ESP8266_Config_0.4.runs/impl_1/ESP8266_ClientConfig.bit} [lindex [get_hw_devices] 0]
program_hw_devices [lindex [get_hw_devices] 0]
INFO: [Labtools 27-3164] End of startup status: HIGH
program_hw_devices: Time (s): cpu = 00:00:20 ; elapsed = 00:00:18 . Memory (MB): peak = 1228.102 ; gain = 0.000
refresh_hw_device [lindex [get_hw_devices] 0]
INFO: [Labtools 27-2302] Device xc7a35t (JTAG device index = 0) is programmed with a design that has 1 ILA core(s).
add_wave -into {hw_ila_data_1.wcfg} -radix hex {check_word[0]} {data_stream_in_stb} {data_stream_in_stb_1} {data_stream_out_stb} {data_stream_out_stb_1} {index} {model_sel} {send_byte}
run_hw_ila [get_hw_ilas -of_objects [get_hw_devices xc7a35t_0] -filter {CELL_NAME=~"inst_ila_uart"}]
INFO: [Labtools 27-1964] The ILA core 'hw_ila_1' trigger was armed at 2017-Jul-21 12:23:25
wait_on_hw_ila [get_hw_ilas -of_objects [get_hw_devices xc7a35t_0] -filter {CELL_NAME=~"inst_ila_uart"}]
display_hw_ila_data [upload_hw_ila_data [get_hw_ilas -of_objects [get_hw_devices xc7a35t_0] -filter {CELL_NAME=~"inst_ila_uart"}]]
INFO: [Labtools 27-1966] The ILA core 'hw_ila_1' triggered at 2017-Jul-21 12:23:25
run_hw_ila [get_hw_ilas -of_objects [get_hw_devices xc7a35t_0] -filter {CELL_NAME=~"inst_ila_uart"}]
INFO: [Labtools 27-1964] The ILA core 'hw_ila_1' trigger was armed at 2017-Jul-21 12:23:30
wait_on_hw_ila [get_hw_ilas -of_objects [get_hw_devices xc7a35t_0] -filter {CELL_NAME=~"inst_ila_uart"}]
display_hw_ila_data [upload_hw_ila_data [get_hw_ilas -of_objects [get_hw_devices xc7a35t_0] -filter {CELL_NAME=~"inst_ila_uart"}]]
INFO: [Labtools 27-1966] The ILA core 'hw_ila_1' triggered at 2017-Jul-21 12:23:30
run_hw_ila [get_hw_ilas -of_objects [get_hw_devices xc7a35t_0] -filter {CELL_NAME=~"inst_ila_uart"}]
INFO: [Labtools 27-1964] The ILA core 'hw_ila_1' trigger was armed at 2017-Jul-21 12:23:37
wait_on_hw_ila [get_hw_ilas -of_objects [get_hw_devices xc7a35t_0] -filter {CELL_NAME=~"inst_ila_uart"}]
display_hw_ila_data [upload_hw_ila_data [get_hw_ilas -of_objects [get_hw_devices xc7a35t_0] -filter {CELL_NAME=~"inst_ila_uart"}]]
INFO: [Labtools 27-1966] The ILA core 'hw_ila_1' triggered at 2017-Jul-21 12:23:37
run_hw_ila [get_hw_ilas -of_objects [get_hw_devices xc7a35t_0] -filter {CELL_NAME=~"inst_ila_uart"}] -trigger_now
INFO: [Labtools 27-1964] The ILA core 'hw_ila_1' trigger was armed at 2017-Jul-21 12:23:44
wait_on_hw_ila [get_hw_ilas -of_objects [get_hw_devices xc7a35t_0] -filter {CELL_NAME=~"inst_ila_uart"}]
display_hw_ila_data [upload_hw_ila_data [get_hw_ilas -of_objects [get_hw_devices xc7a35t_0] -filter {CELL_NAME=~"inst_ila_uart"}]]
INFO: [Labtools 27-1966] The ILA core 'hw_ila_1' triggered at 2017-Jul-21 12:23:44
run_hw_ila [get_hw_ilas -of_objects [get_hw_devices xc7a35t_0] -filter {CELL_NAME=~"inst_ila_uart"}] -trigger_now
INFO: [Labtools 27-1964] The ILA core 'hw_ila_1' trigger was armed at 2017-Jul-21 12:23:46
wait_on_hw_ila [get_hw_ilas -of_objects [get_hw_devices xc7a35t_0] -filter {CELL_NAME=~"inst_ila_uart"}]
display_hw_ila_data [upload_hw_ila_data [get_hw_ilas -of_objects [get_hw_devices xc7a35t_0] -filter {CELL_NAME=~"inst_ila_uart"}]]
INFO: [Labtools 27-1966] The ILA core 'hw_ila_1' triggered at 2017-Jul-21 12:23:46
run_hw_ila [get_hw_ilas -of_objects [get_hw_devices xc7a35t_0] -filter {CELL_NAME=~"inst_ila_uart"}] -trigger_now
INFO: [Labtools 27-1964] The ILA core 'hw_ila_1' trigger was armed at 2017-Jul-21 12:23:49
wait_on_hw_ila [get_hw_ilas -of_objects [get_hw_devices xc7a35t_0] -filter {CELL_NAME=~"inst_ila_uart"}]
display_hw_ila_data [upload_hw_ila_data [get_hw_ilas -of_objects [get_hw_devices xc7a35t_0] -filter {CELL_NAME=~"inst_ila_uart"}]]
INFO: [Labtools 27-1966] The ILA core 'hw_ila_1' triggered at 2017-Jul-21 12:23:49
run_hw_ila [get_hw_ilas -of_objects [get_hw_devices xc7a35t_0] -filter {CELL_NAME=~"inst_ila_uart"}] -trigger_now
INFO: [Labtools 27-1964] The ILA core 'hw_ila_1' trigger was armed at 2017-Jul-21 12:23:50
wait_on_hw_ila [get_hw_ilas -of_objects [get_hw_devices xc7a35t_0] -filter {CELL_NAME=~"inst_ila_uart"}]
display_hw_ila_data [upload_hw_ila_data [get_hw_ilas -of_objects [get_hw_devices xc7a35t_0] -filter {CELL_NAME=~"inst_ila_uart"}]]
INFO: [Labtools 27-1966] The ILA core 'hw_ila_1' triggered at 2017-Jul-21 12:23:50
run_hw_ila [get_hw_ilas -of_objects [get_hw_devices xc7a35t_0] -filter {CELL_NAME=~"inst_ila_uart"}] -trigger_now
INFO: [Labtools 27-1964] The ILA core 'hw_ila_1' trigger was armed at 2017-Jul-21 12:23:52
wait_on_hw_ila [get_hw_ilas -of_objects [get_hw_devices xc7a35t_0] -filter {CELL_NAME=~"inst_ila_uart"}]
display_hw_ila_data [upload_hw_ila_data [get_hw_ilas -of_objects [get_hw_devices xc7a35t_0] -filter {CELL_NAME=~"inst_ila_uart"}]]
INFO: [Labtools 27-1966] The ILA core 'hw_ila_1' triggered at 2017-Jul-21 12:23:52
run_hw_ila [get_hw_ilas -of_objects [get_hw_devices xc7a35t_0] -filter {CELL_NAME=~"inst_ila_uart"}] -trigger_now
INFO: [Labtools 27-1964] The ILA core 'hw_ila_1' trigger was armed at 2017-Jul-21 12:23:54
wait_on_hw_ila [get_hw_ilas -of_objects [get_hw_devices xc7a35t_0] -filter {CELL_NAME=~"inst_ila_uart"}]
display_hw_ila_data [upload_hw_ila_data [get_hw_ilas -of_objects [get_hw_devices xc7a35t_0] -filter {CELL_NAME=~"inst_ila_uart"}]]
INFO: [Labtools 27-1966] The ILA core 'hw_ila_1' triggered at 2017-Jul-21 12:23:54
run_hw_ila [get_hw_ilas -of_objects [get_hw_devices xc7a35t_0] -filter {CELL_NAME=~"inst_ila_uart"}] -trigger_now
INFO: [Labtools 27-1964] The ILA core 'hw_ila_1' trigger was armed at 2017-Jul-21 12:23:56
wait_on_hw_ila [get_hw_ilas -of_objects [get_hw_devices xc7a35t_0] -filter {CELL_NAME=~"inst_ila_uart"}]
display_hw_ila_data [upload_hw_ila_data [get_hw_ilas -of_objects [get_hw_devices xc7a35t_0] -filter {CELL_NAME=~"inst_ila_uart"}]]
INFO: [Labtools 27-1966] The ILA core 'hw_ila_1' triggered at 2017-Jul-21 12:23:56
run_hw_ila [get_hw_ilas -of_objects [get_hw_devices xc7a35t_0] -filter {CELL_NAME=~"inst_ila_uart"}] -trigger_now
INFO: [Labtools 27-1964] The ILA core 'hw_ila_1' trigger was armed at 2017-Jul-21 12:24:00
wait_on_hw_ila [get_hw_ilas -of_objects [get_hw_devices xc7a35t_0] -filter {CELL_NAME=~"inst_ila_uart"}]
display_hw_ila_data [upload_hw_ila_data [get_hw_ilas -of_objects [get_hw_devices xc7a35t_0] -filter {CELL_NAME=~"inst_ila_uart"}]]
INFO: [Labtools 27-1966] The ILA core 'hw_ila_1' triggered at 2017-Jul-21 12:24:00
run_hw_ila [get_hw_ilas -of_objects [get_hw_devices xc7a35t_0] -filter {CELL_NAME=~"inst_ila_uart"}] -trigger_now
INFO: [Labtools 27-1964] The ILA core 'hw_ila_1' trigger was armed at 2017-Jul-21 12:24:01
wait_on_hw_ila [get_hw_ilas -of_objects [get_hw_devices xc7a35t_0] -filter {CELL_NAME=~"inst_ila_uart"}]
display_hw_ila_data [upload_hw_ila_data [get_hw_ilas -of_objects [get_hw_devices xc7a35t_0] -filter {CELL_NAME=~"inst_ila_uart"}]]
INFO: [Labtools 27-1966] The ILA core 'hw_ila_1' triggered at 2017-Jul-21 12:24:01
run_hw_ila [get_hw_ilas -of_objects [get_hw_devices xc7a35t_0] -filter {CELL_NAME=~"inst_ila_uart"}] -trigger_now
INFO: [Labtools 27-1964] The ILA core 'hw_ila_1' trigger was armed at 2017-Jul-21 12:24:03
wait_on_hw_ila [get_hw_ilas -of_objects [get_hw_devices xc7a35t_0] -filter {CELL_NAME=~"inst_ila_uart"}]
display_hw_ila_data [upload_hw_ila_data [get_hw_ilas -of_objects [get_hw_devices xc7a35t_0] -filter {CELL_NAME=~"inst_ila_uart"}]]
INFO: [Labtools 27-1966] The ILA core 'hw_ila_1' triggered at 2017-Jul-21 12:24:03
add_wave -into {hw_ila_data_1.wcfg} -radix hex {check_word[0]} {data_stream_in_stb} {data_stream_in_stb_1} {data_stream_out_stb} {data_stream_out_stb_1} {index} {model_sel} {send_byte}
run_hw_ila [get_hw_ilas -of_objects [get_hw_devices xc7a35t_0] -filter {CELL_NAME=~"inst_ila_uart"}] -trigger_now
INFO: [Labtools 27-1964] The ILA core 'hw_ila_1' trigger was armed at 2017-Jul-21 12:26:54
wait_on_hw_ila [get_hw_ilas -of_objects [get_hw_devices xc7a35t_0] -filter {CELL_NAME=~"inst_ila_uart"}]
display_hw_ila_data [upload_hw_ila_data [get_hw_ilas -of_objects [get_hw_devices xc7a35t_0] -filter {CELL_NAME=~"inst_ila_uart"}]]
INFO: [Labtools 27-1966] The ILA core 'hw_ila_1' triggered at 2017-Jul-21 12:26:54
run_hw_ila [get_hw_ilas -of_objects [get_hw_devices xc7a35t_0] -filter {CELL_NAME=~"inst_ila_uart"}] -trigger_now
INFO: [Labtools 27-1964] The ILA core 'hw_ila_1' trigger was armed at 2017-Jul-21 12:26:56
wait_on_hw_ila [get_hw_ilas -of_objects [get_hw_devices xc7a35t_0] -filter {CELL_NAME=~"inst_ila_uart"}]
display_hw_ila_data [upload_hw_ila_data [get_hw_ilas -of_objects [get_hw_devices xc7a35t_0] -filter {CELL_NAME=~"inst_ila_uart"}]]
INFO: [Labtools 27-1966] The ILA core 'hw_ila_1' triggered at 2017-Jul-21 12:26:56
run_hw_ila [get_hw_ilas -of_objects [get_hw_devices xc7a35t_0] -filter {CELL_NAME=~"inst_ila_uart"}] -trigger_now
INFO: [Labtools 27-1964] The ILA core 'hw_ila_1' trigger was armed at 2017-Jul-21 12:26:57
wait_on_hw_ila [get_hw_ilas -of_objects [get_hw_devices xc7a35t_0] -filter {CELL_NAME=~"inst_ila_uart"}]
display_hw_ila_data [upload_hw_ila_data [get_hw_ilas -of_objects [get_hw_devices xc7a35t_0] -filter {CELL_NAME=~"inst_ila_uart"}]]
INFO: [Labtools 27-1966] The ILA core 'hw_ila_1' triggered at 2017-Jul-21 12:26:57
run_hw_ila [get_hw_ilas -of_objects [get_hw_devices xc7a35t_0] -filter {CELL_NAME=~"inst_ila_uart"}] -trigger_now
INFO: [Labtools 27-1964] The ILA core 'hw_ila_1' trigger was armed at 2017-Jul-21 12:26:59
wait_on_hw_ila [get_hw_ilas -of_objects [get_hw_devices xc7a35t_0] -filter {CELL_NAME=~"inst_ila_uart"}]
display_hw_ila_data [upload_hw_ila_data [get_hw_ilas -of_objects [get_hw_devices xc7a35t_0] -filter {CELL_NAME=~"inst_ila_uart"}]]
INFO: [Labtools 27-1966] The ILA core 'hw_ila_1' triggered at 2017-Jul-21 12:26:59
run_hw_ila [get_hw_ilas -of_objects [get_hw_devices xc7a35t_0] -filter {CELL_NAME=~"inst_ila_uart"}] -trigger_now
INFO: [Labtools 27-1964] The ILA core 'hw_ila_1' trigger was armed at 2017-Jul-21 12:27:00
wait_on_hw_ila [get_hw_ilas -of_objects [get_hw_devices xc7a35t_0] -filter {CELL_NAME=~"inst_ila_uart"}]
display_hw_ila_data [upload_hw_ila_data [get_hw_ilas -of_objects [get_hw_devices xc7a35t_0] -filter {CELL_NAME=~"inst_ila_uart"}]]
INFO: [Labtools 27-1966] The ILA core 'hw_ila_1' triggered at 2017-Jul-21 12:27:00
run_hw_ila [get_hw_ilas -of_objects [get_hw_devices xc7a35t_0] -filter {CELL_NAME=~"inst_ila_uart"}] -trigger_now
INFO: [Labtools 27-1964] The ILA core 'hw_ila_1' trigger was armed at 2017-Jul-21 12:27:08
wait_on_hw_ila [get_hw_ilas -of_objects [get_hw_devices xc7a35t_0] -filter {CELL_NAME=~"inst_ila_uart"}]
display_hw_ila_data [upload_hw_ila_data [get_hw_ilas -of_objects [get_hw_devices xc7a35t_0] -filter {CELL_NAME=~"inst_ila_uart"}]]
INFO: [Labtools 27-1966] The ILA core 'hw_ila_1' triggered at 2017-Jul-21 12:27:08
run_hw_ila [get_hw_ilas -of_objects [get_hw_devices xc7a35t_0] -filter {CELL_NAME=~"inst_ila_uart"}] -trigger_now
INFO: [Labtools 27-1964] The ILA core 'hw_ila_1' trigger was armed at 2017-Jul-21 12:27:09
wait_on_hw_ila [get_hw_ilas -of_objects [get_hw_devices xc7a35t_0] -filter {CELL_NAME=~"inst_ila_uart"}]
display_hw_ila_data [upload_hw_ila_data [get_hw_ilas -of_objects [get_hw_devices xc7a35t_0] -filter {CELL_NAME=~"inst_ila_uart"}]]
INFO: [Labtools 27-1966] The ILA core 'hw_ila_1' triggered at 2017-Jul-21 12:27:09
run_hw_ila [get_hw_ilas -of_objects [get_hw_devices xc7a35t_0] -filter {CELL_NAME=~"inst_ila_uart"}] -trigger_now
INFO: [Labtools 27-1964] The ILA core 'hw_ila_1' trigger was armed at 2017-Jul-21 12:27:11
wait_on_hw_ila [get_hw_ilas -of_objects [get_hw_devices xc7a35t_0] -filter {CELL_NAME=~"inst_ila_uart"}]
display_hw_ila_data [upload_hw_ila_data [get_hw_ilas -of_objects [get_hw_devices xc7a35t_0] -filter {CELL_NAME=~"inst_ila_uart"}]]
INFO: [Labtools 27-1966] The ILA core 'hw_ila_1' triggered at 2017-Jul-21 12:27:11
run_hw_ila [get_hw_ilas -of_objects [get_hw_devices xc7a35t_0] -filter {CELL_NAME=~"inst_ila_uart"}] -trigger_now
INFO: [Labtools 27-1964] The ILA core 'hw_ila_1' trigger was armed at 2017-Jul-21 12:27:13
wait_on_hw_ila [get_hw_ilas -of_objects [get_hw_devices xc7a35t_0] -filter {CELL_NAME=~"inst_ila_uart"}]
display_hw_ila_data [upload_hw_ila_data [get_hw_ilas -of_objects [get_hw_devices xc7a35t_0] -filter {CELL_NAME=~"inst_ila_uart"}]]
INFO: [Labtools 27-1966] The ILA core 'hw_ila_1' triggered at 2017-Jul-21 12:27:13
run_hw_ila [get_hw_ilas -of_objects [get_hw_devices xc7a35t_0] -filter {CELL_NAME=~"inst_ila_uart"}] -trigger_now
INFO: [Labtools 27-1964] The ILA core 'hw_ila_1' trigger was armed at 2017-Jul-21 12:27:14
wait_on_hw_ila [get_hw_ilas -of_objects [get_hw_devices xc7a35t_0] -filter {CELL_NAME=~"inst_ila_uart"}]
display_hw_ila_data [upload_hw_ila_data [get_hw_ilas -of_objects [get_hw_devices xc7a35t_0] -filter {CELL_NAME=~"inst_ila_uart"}]]
INFO: [Labtools 27-1966] The ILA core 'hw_ila_1' triggered at 2017-Jul-21 12:27:14
run_hw_ila [get_hw_ilas -of_objects [get_hw_devices xc7a35t_0] -filter {CELL_NAME=~"inst_ila_uart"}] -trigger_now
INFO: [Labtools 27-1964] The ILA core 'hw_ila_1' trigger was armed at 2017-Jul-21 12:27:16
wait_on_hw_ila [get_hw_ilas -of_objects [get_hw_devices xc7a35t_0] -filter {CELL_NAME=~"inst_ila_uart"}]
display_hw_ila_data [upload_hw_ila_data [get_hw_ilas -of_objects [get_hw_devices xc7a35t_0] -filter {CELL_NAME=~"inst_ila_uart"}]]
INFO: [Labtools 27-1966] The ILA core 'hw_ila_1' triggered at 2017-Jul-21 12:27:16
run_hw_ila [get_hw_ilas -of_objects [get_hw_devices xc7a35t_0] -filter {CELL_NAME=~"inst_ila_uart"}] -trigger_now
INFO: [Labtools 27-1964] The ILA core 'hw_ila_1' trigger was armed at 2017-Jul-21 12:27:17
wait_on_hw_ila [get_hw_ilas -of_objects [get_hw_devices xc7a35t_0] -filter {CELL_NAME=~"inst_ila_uart"}]
display_hw_ila_data [upload_hw_ila_data [get_hw_ilas -of_objects [get_hw_devices xc7a35t_0] -filter {CELL_NAME=~"inst_ila_uart"}]]
INFO: [Labtools 27-1966] The ILA core 'hw_ila_1' triggered at 2017-Jul-21 12:27:17
save_wave_config {D:/Vivado_Program_Files/20170711_ESP8266/ESP8266_Config_0.1/ESP8266_Config_0.1.hw/hw_1/wave/hw_ila_data_1/hw_ila_data_1.wcfg}
exit
INFO: [Common 17-206] Exiting Vivado at Fri Jul 21 12:28:42 2017...
