#-----------------------------------------------------------
# Vivado v2015.4 (64-bit)
# SW Build 1412921 on Wed Nov 18 09:43:45 MST 2015
# IP Build 1412160 on Tue Nov 17 13:47:24 MST 2015
# Start of session at: Fri Jul 21 11:05:11 2017
# Process ID: 3896
# Current directory: D:/Vivado_Program_Files/20170711_ESP8266/ESP8266_Config_0.1
# Command line: vivado.exe -gui_launcher_event rodinguilauncherevent2384 D:\Vivado_Program_Files\20170711_ESP8266\ESP8266_Config_0.1\ESP8266_Config_0.1.xpr
# Log file: D:/Vivado_Program_Files/20170711_ESP8266/ESP8266_Config_0.1/vivado.log
# Journal file: D:/Vivado_Program_Files/20170711_ESP8266/ESP8266_Config_0.1\vivado.jou
#-----------------------------------------------------------
start_gui
open_project D:/Vivado_Program_Files/20170711_ESP8266/ESP8266_Config_0.1/ESP8266_Config_0.1.xpr
Scanning sources...
Finished scanning sources
INFO: [IP_Flow 19-234] Refreshing IP repositories
INFO: [IP_Flow 19-1704] No user IP repositories specified
INFO: [IP_Flow 19-2313] Loaded Vivado IP repository 'D:/Xilinx/Vivado/2015.4/data/ip'.
open_project: Time (s): cpu = 00:00:16 ; elapsed = 00:00:07 . Memory (MB): peak = 827.414 ; gain = 203.148
reset_run synth_1
launch_runs impl_1 -to_step write_bitstream -jobs 4
[Fri Jul 21 11:08:11 2017] Launched synth_1...
Run output will be captured here: D:/Vivado_Program_Files/20170711_ESP8266/ESP8266_Config_0.1/ESP8266_Config_0.1.runs/synth_1/runme.log
[Fri Jul 21 11:08:11 2017] Launched impl_1...
Run output will be captured here: D:/Vivado_Program_Files/20170711_ESP8266/ESP8266_Config_0.1/ESP8266_Config_0.1.runs/impl_1/runme.log
close_project
open_project D:/Vivado_Program_Files/20170711_ESP8266/ESP8266_Config_0.2/ESP8266_Config_0.2.xpr
Scanning sources...
Finished scanning sources
INFO: [IP_Flow 19-234] Refreshing IP repositories
INFO: [IP_Flow 19-1704] No user IP repositories specified
INFO: [IP_Flow 19-2313] Loaded Vivado IP repository 'D:/Xilinx/Vivado/2015.4/data/ip'.
open_hw
INFO: [Labtools 27-2285] Connecting to hw_server url TCP:localhost:3121
INFO: [Labtools 27-2222] Launching hw_server...
INFO: [Labtools 27-2221] Launch Output:

****** Xilinx hw_server v2015.4
  **** Build date : Nov 17 2015-18:01:07
    ** Copyright 1986-1999, 2001-2015 Xilinx, Inc. All Rights Reserved.


connect_hw_server: Time (s): cpu = 00:00:01 ; elapsed = 00:00:07 . Memory (MB): peak = 880.336 ; gain = 0.000
connect_hw_server -url localhost:3121
INFO: [Labtools 27-2285] Connecting to hw_server url TCP:localhost:3121
current_hw_target [get_hw_targets */xilinx_tcf/Digilent/210183A2801AA]
set_property PARAM.FREQUENCY 1000000 [get_hw_targets */xilinx_tcf/Digilent/210183A2801AA]
open_hw_target
INFO: [Labtoolstcl 44-466] Opening hw_target localhost:3121/xilinx_tcf/Digilent/210183A2801AA
set_property PROGRAM.FILE {D:/Vivado_Program_Files/20170711_ESP8266/ESP8266_Config_0.2/ESP8266_Config_0.2.runs/impl_1/ESP8266_ClientConfig.bit} [lindex [get_hw_devices] 0]
set_property PROBES.FILE {D:/Vivado_Program_Files/20170711_ESP8266/ESP8266_Config_0.2/ESP8266_Config_0.2.runs/impl_1/debug_nets.ltx} [lindex [get_hw_devices] 0]
current_hw_device [lindex [get_hw_devices] 0]
refresh_hw_device [lindex [get_hw_devices] 0]
INFO: [Labtools 27-2302] Device xc7a35t (JTAG device index = 0) is programmed with a design that has 1 ILA core(s).
ERROR: [Labtools 27-1973] Mismatch between the design programmed into the device xc7a35t (JTAG device index = 0) and the probes file D:/Vivado_Program_Files/20170711_ESP8266/ESP8266_Config_0.2/ESP8266_Config_0.2.runs/impl_1/debug_nets.ltx.
 The device core at location user chain=1 index=0, has 8 ILA Input port(s), but the core in the probes file has 6 ILA Input port(s).
Resolution: 
1. Reprogram device with the correct programming file and associated probes file OR
2. Goto device properties and associate the correct probes file with the programming file already programmed in the device.
set_property PROBES.FILE {D:/Vivado_Program_Files/20170711_ESP8266/ESP8266_Config_0.2/ESP8266_Config_0.2.runs/impl_1/debug_nets.ltx} [lindex [get_hw_devices] 0]
set_property PROGRAM.FILE {D:/Vivado_Program_Files/20170711_ESP8266/ESP8266_Config_0.2/ESP8266_Config_0.2.runs/impl_1/ESP8266_ClientConfig.bit} [lindex [get_hw_devices] 0]
program_hw_devices [lindex [get_hw_devices] 0]
INFO: [Labtools 27-3164] End of startup status: HIGH
program_hw_devices: Time (s): cpu = 00:00:19 ; elapsed = 00:00:18 . Memory (MB): peak = 905.379 ; gain = 1.359
refresh_hw_device [lindex [get_hw_devices] 0]
INFO: [Labtools 27-2302] Device xc7a35t (JTAG device index = 0) is programmed with a design that has 1 ILA core(s).
display_hw_ila_data [ get_hw_ila_data hw_ila_data_1 -of_objects [get_hw_ilas -of_objects [get_hw_devices xc7a35t_0] -filter {CELL_NAME=~"inst_ila_uart"}]]
run_hw_ila [get_hw_ilas -of_objects [get_hw_devices xc7a35t_0] -filter {CELL_NAME=~"inst_ila_uart"}]
INFO: [Labtools 27-1964] The ILA core 'hw_ila_1' trigger was armed at 2017-Jul-21 11:25:23
wait_on_hw_ila [get_hw_ilas -of_objects [get_hw_devices xc7a35t_0] -filter {CELL_NAME=~"inst_ila_uart"}]
display_hw_ila_data [upload_hw_ila_data [get_hw_ilas -of_objects [get_hw_devices xc7a35t_0] -filter {CELL_NAME=~"inst_ila_uart"}]]
INFO: [Labtools 27-1966] The ILA core 'hw_ila_1' triggered at 2017-Jul-21 11:25:23
run_hw_ila [get_hw_ilas -of_objects [get_hw_devices xc7a35t_0] -filter {CELL_NAME=~"inst_ila_uart"}]
INFO: [Labtools 27-1964] The ILA core 'hw_ila_1' trigger was armed at 2017-Jul-21 11:25:26
wait_on_hw_ila [get_hw_ilas -of_objects [get_hw_devices xc7a35t_0] -filter {CELL_NAME=~"inst_ila_uart"}]
display_hw_ila_data [upload_hw_ila_data [get_hw_ilas -of_objects [get_hw_devices xc7a35t_0] -filter {CELL_NAME=~"inst_ila_uart"}]]
INFO: [Labtools 27-1966] The ILA core 'hw_ila_1' triggered at 2017-Jul-21 11:25:26
run_hw_ila [get_hw_ilas -of_objects [get_hw_devices xc7a35t_0] -filter {CELL_NAME=~"inst_ila_uart"}]
INFO: [Labtools 27-1964] The ILA core 'hw_ila_1' trigger was armed at 2017-Jul-21 11:25:33
wait_on_hw_ila [get_hw_ilas -of_objects [get_hw_devices xc7a35t_0] -filter {CELL_NAME=~"inst_ila_uart"}]
display_hw_ila_data [upload_hw_ila_data [get_hw_ilas -of_objects [get_hw_devices xc7a35t_0] -filter {CELL_NAME=~"inst_ila_uart"}]]
INFO: [Labtools 27-1966] The ILA core 'hw_ila_1' triggered at 2017-Jul-21 11:25:33
run_hw_ila [get_hw_ilas -of_objects [get_hw_devices xc7a35t_0] -filter {CELL_NAME=~"inst_ila_uart"}]
INFO: [Labtools 27-1964] The ILA core 'hw_ila_1' trigger was armed at 2017-Jul-21 11:25:35
wait_on_hw_ila [get_hw_ilas -of_objects [get_hw_devices xc7a35t_0] -filter {CELL_NAME=~"inst_ila_uart"}]
display_hw_ila_data [upload_hw_ila_data [get_hw_ilas -of_objects [get_hw_devices xc7a35t_0] -filter {CELL_NAME=~"inst_ila_uart"}]]
INFO: [Labtools 27-1966] The ILA core 'hw_ila_1' triggered at 2017-Jul-21 11:25:35
run_hw_ila [get_hw_ilas -of_objects [get_hw_devices xc7a35t_0] -filter {CELL_NAME=~"inst_ila_uart"}]
INFO: [Labtools 27-1964] The ILA core 'hw_ila_1' trigger was armed at 2017-Jul-21 11:53:41
wait_on_hw_ila [get_hw_ilas -of_objects [get_hw_devices xc7a35t_0] -filter {CELL_NAME=~"inst_ila_uart"}]
display_hw_ila_data [upload_hw_ila_data [get_hw_ilas -of_objects [get_hw_devices xc7a35t_0] -filter {CELL_NAME=~"inst_ila_uart"}]]
INFO: [Labtools 27-1966] The ILA core 'hw_ila_1' triggered at 2017-Jul-21 11:53:41
run_hw_ila [get_hw_ilas -of_objects [get_hw_devices xc7a35t_0] -filter {CELL_NAME=~"inst_ila_uart"}]
INFO: [Labtools 27-1964] The ILA core 'hw_ila_1' trigger was armed at 2017-Jul-21 11:53:44
wait_on_hw_ila [get_hw_ilas -of_objects [get_hw_devices xc7a35t_0] -filter {CELL_NAME=~"inst_ila_uart"}]
display_hw_ila_data [upload_hw_ila_data [get_hw_ilas -of_objects [get_hw_devices xc7a35t_0] -filter {CELL_NAME=~"inst_ila_uart"}]]
INFO: [Labtools 27-1966] The ILA core 'hw_ila_1' triggered at 2017-Jul-21 11:53:44
reset_run synth_1
launch_runs impl_1 -to_step write_bitstream -jobs 4
[Fri Jul 21 11:57:06 2017] Launched synth_1...
Run output will be captured here: D:/Vivado_Program_Files/20170711_ESP8266/ESP8266_Config_0.2/ESP8266_Config_0.2.runs/synth_1/runme.log
[Fri Jul 21 11:57:06 2017] Launched impl_1...
Run output will be captured here: D:/Vivado_Program_Files/20170711_ESP8266/ESP8266_Config_0.2/ESP8266_Config_0.2.runs/impl_1/runme.log
set_property PROBES.FILE {D:/Vivado_Program_Files/20170711_ESP8266/ESP8266_Config_0.2/ESP8266_Config_0.2.runs/impl_1/debug_nets.ltx} [lindex [get_hw_devices] 0]
set_property PROGRAM.FILE {D:/Vivado_Program_Files/20170711_ESP8266/ESP8266_Config_0.2/ESP8266_Config_0.2.runs/impl_1/ESP8266_ClientConfig.bit} [lindex [get_hw_devices] 0]
program_hw_devices [lindex [get_hw_devices] 0]
INFO: [Labtools 27-3164] End of startup status: HIGH
program_hw_devices: Time (s): cpu = 00:00:18 ; elapsed = 00:00:18 . Memory (MB): peak = 1126.324 ; gain = 0.000
refresh_hw_device [lindex [get_hw_devices] 0]
INFO: [Labtools 27-2302] Device xc7a35t (JTAG device index = 0) is programmed with a design that has 1 ILA core(s).
save_wave_config {D:/Vivado_Program_Files/20170711_ESP8266/ESP8266_Config_0.2/ESP8266_Config_0.2.hw/hw_1/wave/hw_ila_data_1/hw_ila_data_1.wcfg}
open_project D:/Vivado_Program_Files/20170711_ESP8266/ESP8266_Config_0.4/ESP8266_Config_0.4.xpr
Scanning sources...
Finished scanning sources
INFO: [IP_Flow 19-234] Refreshing IP repositories
INFO: [IP_Flow 19-1704] No user IP repositories specified
INFO: [IP_Flow 19-2313] Loaded Vivado IP repository 'D:/Xilinx/Vivado/2015.4/data/ip'.
current_project ESP8266_Config_0.2
close_project
open_hw
INFO: [Labtools 27-2285] Connecting to hw_server url TCP:localhost:3121
connect_hw_server -url localhost:3121
INFO: [Labtools 27-2285] Connecting to hw_server url TCP:localhost:3121
current_hw_target [get_hw_targets */xilinx_tcf/Digilent/210183A2801AA]
set_property PARAM.FREQUENCY 1000000 [get_hw_targets */xilinx_tcf/Digilent/210183A2801AA]
open_hw_target
INFO: [Labtoolstcl 44-466] Opening hw_target localhost:3121/xilinx_tcf/Digilent/210183A2801AA
set_property PROGRAM.FILE {D:/Vivado_Program_Files/20170711_ESP8266/ESP8266_Config_0.4/ESP8266_Config_0.4.runs/impl_1/ESP8266_ClientConfig.bit} [lindex [get_hw_devices] 0]
set_property PROBES.FILE {D:/Vivado_Program_Files/20170711_ESP8266/ESP8266_Config_0.4/ESP8266_Config_0.4.runs/impl_1/debug_nets.ltx} [lindex [get_hw_devices] 0]
current_hw_device [lindex [get_hw_devices] 0]
refresh_hw_device [lindex [get_hw_devices] 0]
INFO: [Labtools 27-2302] Device xc7a35t (JTAG device index = 0) is programmed with a design that has 1 ILA core(s).
ERROR: [Labtools 27-3222] Mismatch between the design programmed into the device xc7a35t (JTAG device index = 0) and the probes file D:/Vivado_Program_Files/20170711_ESP8266/ESP8266_Config_0.4/ESP8266_Config_0.4.runs/impl_1/debug_nets.ltx.
 The hw_probe  in the probes file has port index 7. This port does not exist in the ILA core at location (user chain=1 index=0).
set_property PROBES.FILE {D:/Vivado_Program_Files/20170711_ESP8266/ESP8266_Config_0.4/ESP8266_Config_0.4.runs/impl_1/debug_nets.ltx} [lindex [get_hw_devices] 0]
set_property PROGRAM.FILE {D:/Vivado_Program_Files/20170711_ESP8266/ESP8266_Config_0.4/ESP8266_Config_0.4.runs/impl_1/ESP8266_ClientConfig.bit} [lindex [get_hw_devices] 0]
program_hw_devices [lindex [get_hw_devices] 0]
INFO: [Labtools 27-3164] End of startup status: HIGH
program_hw_devices: Time (s): cpu = 00:00:18 ; elapsed = 00:00:18 . Memory (MB): peak = 1126.324 ; gain = 0.000
refresh_hw_device [lindex [get_hw_devices] 0]
INFO: [Labtools 27-2302] Device xc7a35t (JTAG device index = 0) is programmed with a design that has 1 ILA core(s).
display_hw_ila_data [ get_hw_ila_data hw_ila_data_1 -of_objects [get_hw_ilas -of_objects [get_hw_devices xc7a35t_0] -filter {CELL_NAME=~"inst_ila_uart"}]]
run_hw_ila [get_hw_ilas -of_objects [get_hw_devices xc7a35t_0] -filter {CELL_NAME=~"inst_ila_uart"}]
INFO: [Labtools 27-1964] The ILA core 'hw_ila_1' trigger was armed at 2017-Jul-21 12:01:31
set_property TRIGGER_COMPARE_VALUE eq4'hX [get_hw_probes model_sel -of_objects [get_hw_ilas -of_objects [get_hw_devices xc7a35t_0] -filter {CELL_NAME=~"inst_ila_uart"}]]
wait_on_hw_ila -timeout 0 [get_hw_ilas -of_objects [get_hw_devices xc7a35t_0] -filter {CELL_NAME=~"inst_ila_uart"}]
upload_hw_ila_data [get_hw_ilas -of_objects [get_hw_devices xc7a35t_0] -filter {CELL_NAME=~"inst_ila_uart"}]
INFO: [Labtools 27-1965] The ILA core 'hw_ila_1' trigger was stopped by user at 2017-Jul-21 12:01:40
WARNING: [Labtools 27-157] hw_ila [hw_ila_1] stopped. No data to upload.
run_hw_ila [get_hw_ilas -of_objects [get_hw_devices xc7a35t_0] -filter {CELL_NAME=~"inst_ila_uart"}] -trigger_now
INFO: [Labtools 27-1964] The ILA core 'hw_ila_1' trigger was armed at 2017-Jul-21 12:01:40
wait_on_hw_ila [get_hw_ilas -of_objects [get_hw_devices xc7a35t_0] -filter {CELL_NAME=~"inst_ila_uart"}]
display_hw_ila_data [upload_hw_ila_data [get_hw_ilas -of_objects [get_hw_devices xc7a35t_0] -filter {CELL_NAME=~"inst_ila_uart"}]]
INFO: [Labtools 27-1966] The ILA core 'hw_ila_1' triggered at 2017-Jul-21 12:01:40
run_hw_ila [get_hw_ilas -of_objects [get_hw_devices xc7a35t_0] -filter {CELL_NAME=~"inst_ila_uart"}] -trigger_now
INFO: [Labtools 27-1964] The ILA core 'hw_ila_1' trigger was armed at 2017-Jul-21 12:01:43
wait_on_hw_ila [get_hw_ilas -of_objects [get_hw_devices xc7a35t_0] -filter {CELL_NAME=~"inst_ila_uart"}]
display_hw_ila_data [upload_hw_ila_data [get_hw_ilas -of_objects [get_hw_devices xc7a35t_0] -filter {CELL_NAME=~"inst_ila_uart"}]]
INFO: [Labtools 27-1966] The ILA core 'hw_ila_1' triggered at 2017-Jul-21 12:01:43
run_hw_ila [get_hw_ilas -of_objects [get_hw_devices xc7a35t_0] -filter {CELL_NAME=~"inst_ila_uart"}] -trigger_now
INFO: [Labtools 27-1964] The ILA core 'hw_ila_1' trigger was armed at 2017-Jul-21 12:01:45
wait_on_hw_ila [get_hw_ilas -of_objects [get_hw_devices xc7a35t_0] -filter {CELL_NAME=~"inst_ila_uart"}]
display_hw_ila_data [upload_hw_ila_data [get_hw_ilas -of_objects [get_hw_devices xc7a35t_0] -filter {CELL_NAME=~"inst_ila_uart"}]]
INFO: [Labtools 27-1966] The ILA core 'hw_ila_1' triggered at 2017-Jul-21 12:01:45
run_hw_ila [get_hw_ilas -of_objects [get_hw_devices xc7a35t_0] -filter {CELL_NAME=~"inst_ila_uart"}] -trigger_now
INFO: [Labtools 27-1964] The ILA core 'hw_ila_1' trigger was armed at 2017-Jul-21 12:01:47
wait_on_hw_ila [get_hw_ilas -of_objects [get_hw_devices xc7a35t_0] -filter {CELL_NAME=~"inst_ila_uart"}]
display_hw_ila_data [upload_hw_ila_data [get_hw_ilas -of_objects [get_hw_devices xc7a35t_0] -filter {CELL_NAME=~"inst_ila_uart"}]]
INFO: [Labtools 27-1966] The ILA core 'hw_ila_1' triggered at 2017-Jul-21 12:01:47
run_hw_ila [get_hw_ilas -of_objects [get_hw_devices xc7a35t_0] -filter {CELL_NAME=~"inst_ila_uart"}] -trigger_now
INFO: [Labtools 27-1964] The ILA core 'hw_ila_1' trigger was armed at 2017-Jul-21 12:01:50
wait_on_hw_ila [get_hw_ilas -of_objects [get_hw_devices xc7a35t_0] -filter {CELL_NAME=~"inst_ila_uart"}]
display_hw_ila_data [upload_hw_ila_data [get_hw_ilas -of_objects [get_hw_devices xc7a35t_0] -filter {CELL_NAME=~"inst_ila_uart"}]]
INFO: [Labtools 27-1966] The ILA core 'hw_ila_1' triggered at 2017-Jul-21 12:01:50
run_hw_ila [get_hw_ilas -of_objects [get_hw_devices xc7a35t_0] -filter {CELL_NAME=~"inst_ila_uart"}] -trigger_now
INFO: [Labtools 27-1964] The ILA core 'hw_ila_1' trigger was armed at 2017-Jul-21 12:01:52
wait_on_hw_ila [get_hw_ilas -of_objects [get_hw_devices xc7a35t_0] -filter {CELL_NAME=~"inst_ila_uart"}]
display_hw_ila_data [upload_hw_ila_data [get_hw_ilas -of_objects [get_hw_devices xc7a35t_0] -filter {CELL_NAME=~"inst_ila_uart"}]]
INFO: [Labtools 27-1966] The ILA core 'hw_ila_1' triggered at 2017-Jul-21 12:01:52
run_hw_ila [get_hw_ilas -of_objects [get_hw_devices xc7a35t_0] -filter {CELL_NAME=~"inst_ila_uart"}] -trigger_now
INFO: [Labtools 27-1964] The ILA core 'hw_ila_1' trigger was armed at 2017-Jul-21 12:01:55
wait_on_hw_ila [get_hw_ilas -of_objects [get_hw_devices xc7a35t_0] -filter {CELL_NAME=~"inst_ila_uart"}]
display_hw_ila_data [upload_hw_ila_data [get_hw_ilas -of_objects [get_hw_devices xc7a35t_0] -filter {CELL_NAME=~"inst_ila_uart"}]]
INFO: [Labtools 27-1966] The ILA core 'hw_ila_1' triggered at 2017-Jul-21 12:01:55
set_property PROBES.FILE {D:/Vivado_Program_Files/20170711_ESP8266/ESP8266_Config_0.4/ESP8266_Config_0.4.runs/impl_1/debug_nets.ltx} [lindex [get_hw_devices] 0]
set_property PROGRAM.FILE {D:/Vivado_Program_Files/20170711_ESP8266/ESP8266_Config_0.4/ESP8266_Config_0.4.runs/impl_1/ESP8266_ClientConfig.bit} [lindex [get_hw_devices] 0]
program_hw_devices [lindex [get_hw_devices] 0]
INFO: [Labtools 27-3164] End of startup status: HIGH
program_hw_devices: Time (s): cpu = 00:00:19 ; elapsed = 00:00:18 . Memory (MB): peak = 1126.324 ; gain = 0.000
refresh_hw_device [lindex [get_hw_devices] 0]
INFO: [Labtools 27-2302] Device xc7a35t (JTAG device index = 0) is programmed with a design that has 1 ILA core(s).
open_project D:/Vivado_Program_Files/20170711_ESP8266/ESP8266_Config_0.3/ESP8266_Config_0.3.xpr
Scanning sources...
Finished scanning sources
INFO: [IP_Flow 19-234] Refreshing IP repositories
INFO: [IP_Flow 19-1704] No user IP repositories specified
INFO: [IP_Flow 19-2313] Loaded Vivado IP repository 'D:/Xilinx/Vivado/2015.4/data/ip'.
current_project ESP8266_Config_0.4
close_project
****** Webtalk v2015.4 (64-bit)
  **** SW Build 1412921 on Wed Nov 18 09:43:45 MST 2015
  **** IP Build 1412160 on Tue Nov 17 13:47:24 MST 2015
    ** Copyright 1986-2015 Xilinx, Inc. All Rights Reserved.

source D:/Vivado_Program_Files/20170711_ESP8266/ESP8266_Config_0.4/ESP8266_Config_0.4.hw/webtalk/labtool_webtalk.tcl -notrace
INFO: [Common 17-206] Exiting Webtalk at Fri Jul 21 12:03:54 2017...
open_hw
INFO: [Labtools 27-2285] Connecting to hw_server url TCP:localhost:3121
connect_hw_server -url localhost:3121
INFO: [Labtools 27-2285] Connecting to hw_server url TCP:localhost:3121
current_hw_target [get_hw_targets */xilinx_tcf/Digilent/210183A2801AA]
set_property PARAM.FREQUENCY 1000000 [get_hw_targets */xilinx_tcf/Digilent/210183A2801AA]
open_hw_target
INFO: [Labtoolstcl 44-466] Opening hw_target localhost:3121/xilinx_tcf/Digilent/210183A2801AA
set_property PROGRAM.FILE {D:/Vivado_Program_Files/20170711_ESP8266/ESP8266_Config_0.3/ESP8266_Config_0.3.runs/impl_1/ESP8266_ClientConfig.bit} [lindex [get_hw_devices] 0]
set_property PROBES.FILE {D:/Vivado_Program_Files/20170711_ESP8266/ESP8266_Config_0.3/ESP8266_Config_0.3.runs/impl_1/debug_nets.ltx} [lindex [get_hw_devices] 0]
current_hw_device [lindex [get_hw_devices] 0]
refresh_hw_device [lindex [get_hw_devices] 0]
INFO: [Labtools 27-2302] Device xc7a35t (JTAG device index = 0) is programmed with a design that has 1 ILA core(s).
display_hw_ila_data [ get_hw_ila_data hw_ila_data_1 -of_objects [get_hw_ilas -of_objects [get_hw_devices xc7a35t_0] -filter {CELL_NAME=~"inst_ila_uart"}]]
run_hw_ila [get_hw_ilas -of_objects [get_hw_devices xc7a35t_0] -filter {CELL_NAME=~"inst_ila_uart"}]
INFO: [Labtools 27-1964] The ILA core 'hw_ila_1' trigger was armed at 2017-Jul-21 12:04:24
wait_on_hw_ila [get_hw_ilas -of_objects [get_hw_devices xc7a35t_0] -filter {CELL_NAME=~"inst_ila_uart"}]
display_hw_ila_data [upload_hw_ila_data [get_hw_ilas -of_objects [get_hw_devices xc7a35t_0] -filter {CELL_NAME=~"inst_ila_uart"}]]
INFO: [Labtools 27-1966] The ILA core 'hw_ila_1' triggered at 2017-Jul-21 12:04:24
run_hw_ila [get_hw_ilas -of_objects [get_hw_devices xc7a35t_0] -filter {CELL_NAME=~"inst_ila_uart"}]
INFO: [Labtools 27-1964] The ILA core 'hw_ila_1' trigger was armed at 2017-Jul-21 12:04:26
wait_on_hw_ila [get_hw_ilas -of_objects [get_hw_devices xc7a35t_0] -filter {CELL_NAME=~"inst_ila_uart"}]
display_hw_ila_data [upload_hw_ila_data [get_hw_ilas -of_objects [get_hw_devices xc7a35t_0] -filter {CELL_NAME=~"inst_ila_uart"}]]
INFO: [Labtools 27-1966] The ILA core 'hw_ila_1' triggered at 2017-Jul-21 12:04:26
run_hw_ila [get_hw_ilas -of_objects [get_hw_devices xc7a35t_0] -filter {CELL_NAME=~"inst_ila_uart"}] -trigger_now
INFO: [Labtools 27-1964] The ILA core 'hw_ila_1' trigger was armed at 2017-Jul-21 12:04:35
wait_on_hw_ila [get_hw_ilas -of_objects [get_hw_devices xc7a35t_0] -filter {CELL_NAME=~"inst_ila_uart"}]
display_hw_ila_data [upload_hw_ila_data [get_hw_ilas -of_objects [get_hw_devices xc7a35t_0] -filter {CELL_NAME=~"inst_ila_uart"}]]
INFO: [Labtools 27-1966] The ILA core 'hw_ila_1' triggered at 2017-Jul-21 12:04:35
run_hw_ila [get_hw_ilas -of_objects [get_hw_devices xc7a35t_0] -filter {CELL_NAME=~"inst_ila_uart"}] -trigger_now
INFO: [Labtools 27-1964] The ILA core 'hw_ila_1' trigger was armed at 2017-Jul-21 12:04:37
wait_on_hw_ila [get_hw_ilas -of_objects [get_hw_devices xc7a35t_0] -filter {CELL_NAME=~"inst_ila_uart"}]
display_hw_ila_data [upload_hw_ila_data [get_hw_ilas -of_objects [get_hw_devices xc7a35t_0] -filter {CELL_NAME=~"inst_ila_uart"}]]
INFO: [Labtools 27-1966] The ILA core 'hw_ila_1' triggered at 2017-Jul-21 12:04:37
reset_run synth_1
launch_runs impl_1 -to_step write_bitstream -jobs 4
[Fri Jul 21 12:07:00 2017] Launched synth_1...
Run output will be captured here: D:/Vivado_Program_Files/20170711_ESP8266/ESP8266_Config_0.3/ESP8266_Config_0.3.runs/synth_1/runme.log
[Fri Jul 21 12:07:00 2017] Launched impl_1...
Run output will be captured here: D:/Vivado_Program_Files/20170711_ESP8266/ESP8266_Config_0.3/ESP8266_Config_0.3.runs/impl_1/runme.log
set_property PROBES.FILE {D:/Vivado_Program_Files/20170711_ESP8266/ESP8266_Config_0.3/ESP8266_Config_0.3.runs/impl_1/debug_nets.ltx} [lindex [get_hw_devices] 0]
set_property PROGRAM.FILE {D:/Vivado_Program_Files/20170711_ESP8266/ESP8266_Config_0.3/ESP8266_Config_0.3.runs/impl_1/ESP8266_ClientConfig.bit} [lindex [get_hw_devices] 0]
program_hw_devices [lindex [get_hw_devices] 0]
INFO: [Labtools 27-3164] End of startup status: HIGH
program_hw_devices: Time (s): cpu = 00:00:20 ; elapsed = 00:00:18 . Memory (MB): peak = 1126.324 ; gain = 0.000
refresh_hw_device [lindex [get_hw_devices] 0]
INFO: [Labtools 27-2302] Device xc7a35t (JTAG device index = 0) is programmed with a design that has 1 ILA core(s).
