
*** Running vivado
    with args -log ESP8266_ClientConfig.vds -m64 -mode batch -messageDb vivado.pb -notrace -source ESP8266_ClientConfig.tcl


****** Vivado v2015.4 (64-bit)
  **** SW Build 1412921 on Wed Nov 18 09:43:45 MST 2015
  **** IP Build 1412160 on Tue Nov 17 13:47:24 MST 2015
    ** Copyright 1986-2015 Xilinx, Inc. All Rights Reserved.

source ESP8266_ClientConfig.tcl -notrace
Command: synth_design -top ESP8266_ClientConfig -part xc7a35tcpg236-1
Starting synth_design
Attempting to get a license for feature 'Synthesis' and/or device 'xc7a35t'
INFO: [Common 17-349] Got license for feature 'Synthesis' and/or device 'xc7a35t'
---------------------------------------------------------------------------------
Starting RTL Elaboration : Time (s): cpu = 00:00:04 ; elapsed = 00:00:04 . Memory (MB): peak = 295.711 ; gain = 122.715
---------------------------------------------------------------------------------
INFO: [Synth 8-638] synthesizing module 'ESP8266_ClientConfig' [D:/Vivado_Program_Files/20170711_ESP8266/ESP8266_Config_0.4/ESP8266_Config_0.4.srcs/sources_1/ESP8266_ClientConfig.vhd:46]
	Parameter baud bound to: 115200 - type: integer 
	Parameter clock_frequency bound to: 100000000 - type: integer 
INFO: [Synth 8-3491] module 'uart' declared at 'D:/Vivado_Program_Files/20170711_ESP8266/ESP8266_Config_0.4/ESP8266_Config_0.4.srcs/sources_1/uart.vhd:32' bound to instance 'inst_uart' of component 'uart' [D:/Vivado_Program_Files/20170711_ESP8266/ESP8266_Config_0.4/ESP8266_Config_0.4.srcs/sources_1/ESP8266_ClientConfig.vhd:236]
INFO: [Synth 8-638] synthesizing module 'uart' [D:/Vivado_Program_Files/20170711_ESP8266/ESP8266_Config_0.4/ESP8266_Config_0.4.srcs/sources_1/uart.vhd:50]
	Parameter baud bound to: 115200 - type: integer 
	Parameter clock_frequency bound to: 100000000 - type: integer 
INFO: [Synth 8-256] done synthesizing module 'uart' (1#1) [D:/Vivado_Program_Files/20170711_ESP8266/ESP8266_Config_0.4/ESP8266_Config_0.4.srcs/sources_1/uart.vhd:50]
INFO: [Synth 8-3491] module 'ila_uart' declared at 'D:/Vivado_Program_Files/20170711_ESP8266/ESP8266_Config_0.4/ESP8266_Config_0.4.runs/synth_1/.Xil/Vivado-6920-/realtime/ila_uart_stub.vhdl:5' bound to instance 'inst_ila_uart' of component 'ila_uart' [D:/Vivado_Program_Files/20170711_ESP8266/ESP8266_Config_0.4/ESP8266_Config_0.4.srcs/sources_1/ESP8266_ClientConfig.vhd:253]
INFO: [Synth 8-638] synthesizing module 'ila_uart' [D:/Vivado_Program_Files/20170711_ESP8266/ESP8266_Config_0.4/ESP8266_Config_0.4.runs/synth_1/.Xil/Vivado-6920-/realtime/ila_uart_stub.vhdl:20]
INFO: [Synth 8-3491] module 'receive_OK' declared at 'D:/Vivado_Program_Files/20170711_ESP8266/ESP8266_Config_0.4/ESP8266_Config_0.4.srcs/sources_1/receive_OK/receive_OK.vhd:44' bound to instance 'inst_receive_OK' of component 'receive_OK' [D:/Vivado_Program_Files/20170711_ESP8266/ESP8266_Config_0.4/ESP8266_Config_0.4.srcs/sources_1/ESP8266_ClientConfig.vhd:266]
INFO: [Synth 8-638] synthesizing module 'receive_OK' [D:/Vivado_Program_Files/20170711_ESP8266/ESP8266_Config_0.4/ESP8266_Config_0.4.srcs/sources_1/receive_OK/receive_OK.vhd:59]
INFO: [Synth 8-3491] module 'WiFi_Receiver_mac' declared at 'D:/Vivado_Program_Files/20170711_ESP8266/ESP8266_Config_0.4/ESP8266_Config_0.4.srcs/sources_1/receive_OK/WiFi_Receiver_mac.vhd:23' bound to instance 'u_WiFi_Receiver_mac' of component 'WiFi_Receiver_mac' [D:/Vivado_Program_Files/20170711_ESP8266/ESP8266_Config_0.4/ESP8266_Config_0.4.srcs/sources_1/receive_OK/receive_OK.vhd:81]
INFO: [Synth 8-638] synthesizing module 'WiFi_Receiver_mac' [D:/Vivado_Program_Files/20170711_ESP8266/ESP8266_Config_0.4/ESP8266_Config_0.4.srcs/sources_1/receive_OK/WiFi_Receiver_mac.vhd:35]
INFO: [Synth 8-256] done synthesizing module 'WiFi_Receiver_mac' (2#1) [D:/Vivado_Program_Files/20170711_ESP8266/ESP8266_Config_0.4/ESP8266_Config_0.4.srcs/sources_1/receive_OK/WiFi_Receiver_mac.vhd:35]
INFO: [Synth 8-256] done synthesizing module 'receive_OK' (3#1) [D:/Vivado_Program_Files/20170711_ESP8266/ESP8266_Config_0.4/ESP8266_Config_0.4.srcs/sources_1/receive_OK/receive_OK.vhd:59]
WARNING: [Synth 8-3848] Net data_stream_in in module/entity ESP8266_ClientConfig does not have driver. [D:/Vivado_Program_Files/20170711_ESP8266/ESP8266_Config_0.4/ESP8266_Config_0.4.srcs/sources_1/ESP8266_ClientConfig.vhd:125]
INFO: [Synth 8-256] done synthesizing module 'ESP8266_ClientConfig' (4#1) [D:/Vivado_Program_Files/20170711_ESP8266/ESP8266_Config_0.4/ESP8266_Config_0.4.srcs/sources_1/ESP8266_ClientConfig.vhd:46]
---------------------------------------------------------------------------------
Finished RTL Elaboration : Time (s): cpu = 00:00:05 ; elapsed = 00:00:05 . Memory (MB): peak = 330.867 ; gain = 157.871
---------------------------------------------------------------------------------

Report Check Netlist: 
+------+------------------+-------+---------+-------+------------------+
|      |Item              |Errors |Warnings |Status |Description       |
+------+------------------+-------+---------+-------+------------------+
|1     |multi_driven_nets |      0|        0|Passed |Multi driven nets |
+------+------------------+-------+---------+-------+------------------+
WARNING: [Synth 8-3295] tying undriven pin inst_receive_OK:data_stream_in[7] to constant 0 [D:/Vivado_Program_Files/20170711_ESP8266/ESP8266_Config_0.4/ESP8266_Config_0.4.srcs/sources_1/ESP8266_ClientConfig.vhd:266]
WARNING: [Synth 8-3295] tying undriven pin inst_receive_OK:data_stream_in[6] to constant 0 [D:/Vivado_Program_Files/20170711_ESP8266/ESP8266_Config_0.4/ESP8266_Config_0.4.srcs/sources_1/ESP8266_ClientConfig.vhd:266]
WARNING: [Synth 8-3295] tying undriven pin inst_receive_OK:data_stream_in[5] to constant 0 [D:/Vivado_Program_Files/20170711_ESP8266/ESP8266_Config_0.4/ESP8266_Config_0.4.srcs/sources_1/ESP8266_ClientConfig.vhd:266]
WARNING: [Synth 8-3295] tying undriven pin inst_receive_OK:data_stream_in[4] to constant 0 [D:/Vivado_Program_Files/20170711_ESP8266/ESP8266_Config_0.4/ESP8266_Config_0.4.srcs/sources_1/ESP8266_ClientConfig.vhd:266]
WARNING: [Synth 8-3295] tying undriven pin inst_receive_OK:data_stream_in[3] to constant 0 [D:/Vivado_Program_Files/20170711_ESP8266/ESP8266_Config_0.4/ESP8266_Config_0.4.srcs/sources_1/ESP8266_ClientConfig.vhd:266]
WARNING: [Synth 8-3295] tying undriven pin inst_receive_OK:data_stream_in[2] to constant 0 [D:/Vivado_Program_Files/20170711_ESP8266/ESP8266_Config_0.4/ESP8266_Config_0.4.srcs/sources_1/ESP8266_ClientConfig.vhd:266]
WARNING: [Synth 8-3295] tying undriven pin inst_receive_OK:data_stream_in[1] to constant 0 [D:/Vivado_Program_Files/20170711_ESP8266/ESP8266_Config_0.4/ESP8266_Config_0.4.srcs/sources_1/ESP8266_ClientConfig.vhd:266]
WARNING: [Synth 8-3295] tying undriven pin inst_receive_OK:data_stream_in[0] to constant 0 [D:/Vivado_Program_Files/20170711_ESP8266/ESP8266_Config_0.4/ESP8266_Config_0.4.srcs/sources_1/ESP8266_ClientConfig.vhd:266]
---------------------------------------------------------------------------------
Finished RTL Optimization Phase 1 : Time (s): cpu = 00:00:05 ; elapsed = 00:00:05 . Memory (MB): peak = 330.867 ; gain = 157.871
---------------------------------------------------------------------------------
INFO: [Device 21-403] Loading part xc7a35tcpg236-1
INFO: [Project 1-570] Preparing netlist for logic optimization

Processing XDC Constraints
Initializing timing engine
Parsing XDC File [D:/Vivado_Program_Files/20170711_ESP8266/ESP8266_Config_0.4/ESP8266_Config_0.4.runs/synth_1/.Xil/Vivado-6920-/dcp/ila_uart_in_context.xdc] for cell 'inst_ila_uart'
Finished Parsing XDC File [D:/Vivado_Program_Files/20170711_ESP8266/ESP8266_Config_0.4/ESP8266_Config_0.4.runs/synth_1/.Xil/Vivado-6920-/dcp/ila_uart_in_context.xdc] for cell 'inst_ila_uart'
Parsing XDC File [D:/Vivado_Program_Files/20170711_ESP8266/ESP8266_Config_0.4/ESP8266_Config_0.4.srcs/constrs_1/Basys3_Master.xdc]
Finished Parsing XDC File [D:/Vivado_Program_Files/20170711_ESP8266/ESP8266_Config_0.4/ESP8266_Config_0.4.srcs/constrs_1/Basys3_Master.xdc]
INFO: [Project 1-236] Implementation specific constraints were found while reading constraint file [D:/Vivado_Program_Files/20170711_ESP8266/ESP8266_Config_0.4/ESP8266_Config_0.4.srcs/constrs_1/Basys3_Master.xdc]. These constraints will be ignored for synthesis but will be used in implementation. Impacted constraints are listed in the file [.Xil/ESP8266_ClientConfig_propImpl.xdc].
Resolution: To avoid this warning, move constraints listed in [.Xil/ESP8266_ClientConfig_propImpl.xdc] to another XDC file and exclude this new file from synthesis with the used_in_synthesis property (File Properties dialog in GUI) and re-run elaboration/synthesis.
Completed Processing XDC Constraints

INFO: [Project 1-111] Unisim Transformation Summary:
No Unisim elements were transformed.

Constraint Validation Runtime : Time (s): cpu = 00:00:00 ; elapsed = 00:00:00 . Memory (MB): peak = 613.500 ; gain = 0.000
---------------------------------------------------------------------------------
Finished Constraint Validation : Time (s): cpu = 00:00:11 ; elapsed = 00:00:11 . Memory (MB): peak = 613.500 ; gain = 440.504
---------------------------------------------------------------------------------
---------------------------------------------------------------------------------
Start Loading Part and Timing Information
---------------------------------------------------------------------------------
Loading part: xc7a35tcpg236-1
---------------------------------------------------------------------------------
Finished Loading Part and Timing Information : Time (s): cpu = 00:00:11 ; elapsed = 00:00:11 . Memory (MB): peak = 613.500 ; gain = 440.504
---------------------------------------------------------------------------------
---------------------------------------------------------------------------------
Start Applying 'set_property' XDC Constraints
---------------------------------------------------------------------------------
---------------------------------------------------------------------------------
Finished applying 'set_property' XDC Constraints : Time (s): cpu = 00:00:11 ; elapsed = 00:00:11 . Memory (MB): peak = 613.500 ; gain = 440.504
---------------------------------------------------------------------------------
INFO: [Synth 8-5546] ROM "rx_baud_tick" won't be mapped to RAM because it is too sparse
INFO: [Synth 8-5544] ROM "uart_rx_bit" won't be mapped to Block RAM because address size (2) smaller than threshold (5)
INFO: [Synth 8-5544] ROM "uart_rx_bit" won't be mapped to Block RAM because address size (2) smaller than threshold (5)
INFO: [Synth 8-5544] ROM "uart_rx_bit_tick" won't be mapped to Block RAM because address size (4) smaller than threshold (5)
INFO: [Synth 8-5544] ROM "uart_rx_bit_spacing" won't be mapped to Block RAM because address size (2) smaller than threshold (5)
INFO: [Synth 8-5546] ROM "tx_baud_tick" won't be mapped to RAM because it is too sparse
INFO: [Synth 8-5546] ROM "is_WiFi_Receiver_mac_next" won't be mapped to RAM because it is too sparse
INFO: [Synth 8-5546] ROM "is_WiFi_Receiver_mac_next" won't be mapped to RAM because it is too sparse
INFO: [Synth 8-5546] ROM "is_WiFi_Receiver_mac_next" won't be mapped to RAM because it is too sparse
INFO: [Synth 8-5546] ROM "is_WiFi_Receiver_mac_next" won't be mapped to RAM because it is too sparse
INFO: [Synth 8-5546] ROM "is_WiFi_Receiver_mac_next" won't be mapped to RAM because it is too sparse
INFO: [Synth 8-5546] ROM "is_WiFi_Receiver_mac_next" won't be mapped to RAM because it is too sparse
INFO: [Synth 8-5546] ROM "is_WiFi_Receiver_mac_next" won't be mapped to RAM because it is too sparse
INFO: [Synth 8-5546] ROM "is_WiFi_Receiver_mac_next" won't be mapped to RAM because it is too sparse
INFO: [Synth 8-5546] ROM "is_WiFi_Receiver_mac_next" won't be mapped to RAM because it is too sparse
INFO: [Synth 8-5544] ROM "length_sig" won't be mapped to Block RAM because address size (4) smaller than threshold (5)
---------------------------------------------------------------------------------
Finished RTL Optimization Phase 2 : Time (s): cpu = 00:00:11 ; elapsed = 00:00:12 . Memory (MB): peak = 613.500 ; gain = 440.504
---------------------------------------------------------------------------------

Report RTL Partitions: 
+-+--------------+------------+----------+
| |RTL Partition |Replication |Instances |
+-+--------------+------------+----------+
+-+--------------+------------+----------+
---------------------------------------------------------------------------------
Start RTL Component Statistics 
---------------------------------------------------------------------------------
Detailed RTL Component Info : 
+---Adders : 
	   2 Input     11 Bit       Adders := 1     
	   2 Input      8 Bit       Adders := 2     
	   2 Input      7 Bit       Adders := 1     
	   2 Input      6 Bit       Adders := 1     
	   2 Input      4 Bit       Adders := 2     
	   2 Input      3 Bit       Adders := 2     
	   2 Input      2 Bit       Adders := 1     
+---Registers : 
	               11 Bit    Registers := 1     
	                8 Bit    Registers := 5     
	                7 Bit    Registers := 1     
	                6 Bit    Registers := 1     
	                5 Bit    Registers := 2     
	                4 Bit    Registers := 3     
	                3 Bit    Registers := 2     
	                2 Bit    Registers := 4     
	                1 Bit    Registers := 9     
+---Muxes : 
	   2 Input     11 Bit        Muxes := 1     
	   4 Input      8 Bit        Muxes := 2     
	   2 Input      8 Bit        Muxes := 5     
	   4 Input      7 Bit        Muxes := 1     
	   2 Input      7 Bit        Muxes := 2     
	  11 Input      7 Bit        Muxes := 1     
	   2 Input      5 Bit        Muxes := 14    
	   3 Input      5 Bit        Muxes := 3     
	   4 Input      5 Bit        Muxes := 1     
	   2 Input      4 Bit        Muxes := 39    
	   4 Input      3 Bit        Muxes := 1     
	   2 Input      3 Bit        Muxes := 2     
	   4 Input      2 Bit        Muxes := 2     
	   2 Input      2 Bit        Muxes := 1     
	   2 Input      1 Bit        Muxes := 53    
	   4 Input      1 Bit        Muxes := 8     
	  18 Input      1 Bit        Muxes := 12    
---------------------------------------------------------------------------------
Finished RTL Component Statistics 
---------------------------------------------------------------------------------
---------------------------------------------------------------------------------
Start RTL Hierarchical Component Statistics 
---------------------------------------------------------------------------------
Hierarchical RTL Component report 
Module ESP8266_ClientConfig 
Detailed RTL Component Info : 
+---Adders : 
	   2 Input      8 Bit       Adders := 2     
	   2 Input      6 Bit       Adders := 1     
	   2 Input      4 Bit       Adders := 1     
+---Registers : 
	                8 Bit    Registers := 3     
	                6 Bit    Registers := 1     
	                5 Bit    Registers := 1     
	                4 Bit    Registers := 1     
	                1 Bit    Registers := 1     
+---Muxes : 
	   2 Input      8 Bit        Muxes := 5     
	   4 Input      7 Bit        Muxes := 1     
	   2 Input      7 Bit        Muxes := 2     
	  11 Input      7 Bit        Muxes := 1     
	   2 Input      5 Bit        Muxes := 1     
	   4 Input      5 Bit        Muxes := 1     
	   2 Input      4 Bit        Muxes := 5     
	   2 Input      1 Bit        Muxes := 5     
Module uart 
Detailed RTL Component Info : 
+---Adders : 
	   2 Input     11 Bit       Adders := 1     
	   2 Input      7 Bit       Adders := 1     
	   2 Input      4 Bit       Adders := 1     
	   2 Input      3 Bit       Adders := 2     
	   2 Input      2 Bit       Adders := 1     
+---Registers : 
	               11 Bit    Registers := 1     
	                8 Bit    Registers := 2     
	                7 Bit    Registers := 1     
	                4 Bit    Registers := 1     
	                3 Bit    Registers := 2     
	                2 Bit    Registers := 4     
	                1 Bit    Registers := 7     
+---Muxes : 
	   2 Input     11 Bit        Muxes := 1     
	   4 Input      8 Bit        Muxes := 2     
	   2 Input      4 Bit        Muxes := 1     
	   4 Input      3 Bit        Muxes := 1     
	   2 Input      3 Bit        Muxes := 2     
	   4 Input      2 Bit        Muxes := 2     
	   2 Input      2 Bit        Muxes := 1     
	   2 Input      1 Bit        Muxes := 8     
	   4 Input      1 Bit        Muxes := 8     
Module WiFi_Receiver_mac 
Detailed RTL Component Info : 
+---Registers : 
	                5 Bit    Registers := 1     
	                4 Bit    Registers := 1     
	                1 Bit    Registers := 1     
+---Muxes : 
	   2 Input      5 Bit        Muxes := 13    
	   3 Input      5 Bit        Muxes := 3     
	   2 Input      4 Bit        Muxes := 33    
	   2 Input      1 Bit        Muxes := 40    
	  18 Input      1 Bit        Muxes := 12    
---------------------------------------------------------------------------------
Finished RTL Hierarchical Component Statistics
---------------------------------------------------------------------------------
---------------------------------------------------------------------------------
Start Part Resource Summary
---------------------------------------------------------------------------------
Part Resources:
DSPs: 90 (col length:60)
BRAMs: 100 (col length: RAMB18 60 RAMB36 30)
---------------------------------------------------------------------------------
Finished Part Resource Summary
---------------------------------------------------------------------------------
Start Parallel Synthesis Optimization  : Time (s): cpu = 00:00:11 ; elapsed = 00:00:12 . Memory (MB): peak = 613.500 ; gain = 440.504
---------------------------------------------------------------------------------
Start Cross Boundary Optimization
---------------------------------------------------------------------------------
INFO: [Synth 8-5546] ROM "tx_baud_tick" won't be mapped to RAM because it is too sparse
INFO: [Synth 8-5546] ROM "rx_baud_tick" won't be mapped to RAM because it is too sparse
INFO: [Synth 8-5546] ROM "u_WiFi_Receiver_mac/is_WiFi_Receiver_mac_next" won't be mapped to RAM because it is too sparse
INFO: [Synth 8-5546] ROM "u_WiFi_Receiver_mac/is_WiFi_Receiver_mac_next" won't be mapped to RAM because it is too sparse
INFO: [Synth 8-5546] ROM "u_WiFi_Receiver_mac/is_WiFi_Receiver_mac_next" won't be mapped to RAM because it is too sparse
INFO: [Synth 8-5546] ROM "u_WiFi_Receiver_mac/is_WiFi_Receiver_mac_next" won't be mapped to RAM because it is too sparse
INFO: [Synth 8-5546] ROM "u_WiFi_Receiver_mac/is_WiFi_Receiver_mac_next" won't be mapped to RAM because it is too sparse
INFO: [Synth 8-5546] ROM "u_WiFi_Receiver_mac/is_WiFi_Receiver_mac_next" won't be mapped to RAM because it is too sparse
---------------------------------------------------------------------------------
Finished Cross Boundary Optimization : Time (s): cpu = 00:00:12 ; elapsed = 00:00:13 . Memory (MB): peak = 613.500 ; gain = 440.504
---------------------------------------------------------------------------------
Finished Parallel Reinference  : Time (s): cpu = 00:00:12 ; elapsed = 00:00:13 . Memory (MB): peak = 613.500 ; gain = 440.504

Report RTL Partitions: 
+-+--------------+------------+----------+
| |RTL Partition |Replication |Instances |
+-+--------------+------------+----------+
+-+--------------+------------+----------+
---------------------------------------------------------------------------------
Start ROM, RAM, DSP and Shift Register Reporting
---------------------------------------------------------------------------------

ROM:
+---------------------+------------+---------------+----------------+
|Module Name          | RTL Object | Depth x Width | Implemented As | 
+---------------------+------------+---------------+----------------+
|ESP8266_ClientConfig | rom        | 32x7          | LUT            | 
|ESP8266_ClientConfig | rom__1     | 32x7          | LUT            | 
|ESP8266_ClientConfig | rom        | 32x7          | LUT            | 
|ESP8266_ClientConfig | rom__2     | 32x7          | LUT            | 
+---------------------+------------+---------------+----------------+

---------------------------------------------------------------------------------
Finished ROM, RAM, DSP and Shift Register Reporting
---------------------------------------------------------------------------------
---------------------------------------------------------------------------------
Start Area Optimization
---------------------------------------------------------------------------------
WARNING: [Synth 8-3332] Sequential element (\u_WiFi_Receiver_mac/model_cmd_reg_reg[3] ) is unused and will be removed from module receive_OK.
WARNING: [Synth 8-3332] Sequential element (\u_WiFi_Receiver_mac/model_cmd_reg_reg[2] ) is unused and will be removed from module receive_OK.
---------------------------------------------------------------------------------
Finished Area Optimization : Time (s): cpu = 00:00:13 ; elapsed = 00:00:14 . Memory (MB): peak = 613.500 ; gain = 440.504
---------------------------------------------------------------------------------
Finished Parallel Area Optimization  : Time (s): cpu = 00:00:13 ; elapsed = 00:00:14 . Memory (MB): peak = 613.500 ; gain = 440.504

Report RTL Partitions: 
+-+--------------+------------+----------+
| |RTL Partition |Replication |Instances |
+-+--------------+------------+----------+
+-+--------------+------------+----------+
---------------------------------------------------------------------------------
Start Timing Optimization
---------------------------------------------------------------------------------
---------------------------------------------------------------------------------
Start Applying XDC Timing Constraints
---------------------------------------------------------------------------------
---------------------------------------------------------------------------------
Finished Applying XDC Timing Constraints : Time (s): cpu = 00:00:21 ; elapsed = 00:00:22 . Memory (MB): peak = 613.500 ; gain = 440.504
---------------------------------------------------------------------------------
---------------------------------------------------------------------------------
Finished Timing Optimization : Time (s): cpu = 00:00:21 ; elapsed = 00:00:22 . Memory (MB): peak = 613.500 ; gain = 440.504
---------------------------------------------------------------------------------

Report RTL Partitions: 
+-+--------------+------------+----------+
| |RTL Partition |Replication |Instances |
+-+--------------+------------+----------+
+-+--------------+------------+----------+
---------------------------------------------------------------------------------
Start Technology Mapping
---------------------------------------------------------------------------------
---------------------------------------------------------------------------------
Finished Technology Mapping : Time (s): cpu = 00:00:21 ; elapsed = 00:00:22 . Memory (MB): peak = 613.500 ; gain = 440.504
---------------------------------------------------------------------------------
Finished Parallel Technology Mapping Optimization  : Time (s): cpu = 00:00:21 ; elapsed = 00:00:22 . Memory (MB): peak = 613.500 ; gain = 440.504

Report RTL Partitions: 
+-+--------------+------------+----------+
| |RTL Partition |Replication |Instances |
+-+--------------+------------+----------+
+-+--------------+------------+----------+
Finished Parallel Synthesis Optimization  : Time (s): cpu = 00:00:21 ; elapsed = 00:00:22 . Memory (MB): peak = 613.500 ; gain = 440.504
---------------------------------------------------------------------------------
Start IO Insertion
---------------------------------------------------------------------------------
---------------------------------------------------------------------------------
Start Flattening Before IO Insertion
---------------------------------------------------------------------------------
---------------------------------------------------------------------------------
Finished Flattening Before IO Insertion
---------------------------------------------------------------------------------
---------------------------------------------------------------------------------
Start Final Netlist Cleanup
---------------------------------------------------------------------------------
---------------------------------------------------------------------------------
Finished Final Netlist Cleanup
---------------------------------------------------------------------------------
WARNING: [Synth 8-3295] tying undriven pin inst_receive_OK:data_stream_in[7] to constant 0
WARNING: [Synth 8-3295] tying undriven pin inst_receive_OK:data_stream_in[6] to constant 0
WARNING: [Synth 8-3295] tying undriven pin inst_receive_OK:data_stream_in[5] to constant 0
WARNING: [Synth 8-3295] tying undriven pin inst_receive_OK:data_stream_in[4] to constant 0
WARNING: [Synth 8-3295] tying undriven pin inst_receive_OK:data_stream_in[3] to constant 0
WARNING: [Synth 8-3295] tying undriven pin inst_receive_OK:data_stream_in[2] to constant 0
WARNING: [Synth 8-3295] tying undriven pin inst_receive_OK:data_stream_in[1] to constant 0
WARNING: [Synth 8-3295] tying undriven pin inst_receive_OK:data_stream_in[0] to constant 0
---------------------------------------------------------------------------------
Finished IO Insertion : Time (s): cpu = 00:00:22 ; elapsed = 00:00:23 . Memory (MB): peak = 613.500 ; gain = 440.504
---------------------------------------------------------------------------------

Report Check Netlist: 
+------+------------------+-------+---------+-------+------------------+
|      |Item              |Errors |Warnings |Status |Description       |
+------+------------------+-------+---------+-------+------------------+
|1     |multi_driven_nets |      0|        0|Passed |Multi driven nets |
+------+------------------+-------+---------+-------+------------------+
---------------------------------------------------------------------------------
Start Renaming Generated Instances
---------------------------------------------------------------------------------
---------------------------------------------------------------------------------
Finished Renaming Generated Instances : Time (s): cpu = 00:00:22 ; elapsed = 00:00:23 . Memory (MB): peak = 613.500 ; gain = 440.504
---------------------------------------------------------------------------------

Report RTL Partitions: 
+-+--------------+------------+----------+
| |RTL Partition |Replication |Instances |
+-+--------------+------------+----------+
+-+--------------+------------+----------+
---------------------------------------------------------------------------------
Start Rebuilding User Hierarchy
---------------------------------------------------------------------------------
---------------------------------------------------------------------------------
Finished Rebuilding User Hierarchy : Time (s): cpu = 00:00:22 ; elapsed = 00:00:23 . Memory (MB): peak = 613.500 ; gain = 440.504
---------------------------------------------------------------------------------
---------------------------------------------------------------------------------
Start Renaming Generated Ports
---------------------------------------------------------------------------------
---------------------------------------------------------------------------------
Finished Renaming Generated Ports : Time (s): cpu = 00:00:22 ; elapsed = 00:00:23 . Memory (MB): peak = 613.500 ; gain = 440.504
---------------------------------------------------------------------------------
---------------------------------------------------------------------------------
Start Handling Custom Attributes
---------------------------------------------------------------------------------
---------------------------------------------------------------------------------
Finished Handling Custom Attributes : Time (s): cpu = 00:00:22 ; elapsed = 00:00:23 . Memory (MB): peak = 613.500 ; gain = 440.504
---------------------------------------------------------------------------------
---------------------------------------------------------------------------------
Start Renaming Generated Nets
---------------------------------------------------------------------------------
---------------------------------------------------------------------------------
Finished Renaming Generated Nets : Time (s): cpu = 00:00:22 ; elapsed = 00:00:23 . Memory (MB): peak = 613.500 ; gain = 440.504
---------------------------------------------------------------------------------
---------------------------------------------------------------------------------
Start Writing Synthesis Report
---------------------------------------------------------------------------------

Report BlackBoxes: 
+------+--------------+----------+
|      |BlackBox name |Instances |
+------+--------------+----------+
|1     |ila_uart      |         1|
+------+--------------+----------+

Report Cell Usage: 
+------+--------------+------+
|      |Cell          |Count |
+------+--------------+------+
|1     |ila_uart_bbox |     1|
|2     |BUFG          |     1|
|3     |CARRY4        |     1|
|4     |LUT1          |     3|
|5     |LUT2          |    15|
|6     |LUT3          |    32|
|7     |LUT4          |    39|
|8     |LUT5          |    69|
|9     |LUT6          |    66|
|10    |MUXF7         |     7|
|11    |FDCE          |    19|
|12    |FDPE          |     1|
|13    |FDRE          |    80|
|14    |FDSE          |     5|
|15    |IBUF          |     3|
|16    |OBUF          |     1|
+------+--------------+------+

Report Instance Areas: 
+------+------------------------+------------------+------+
|      |Instance                |Module            |Cells |
+------+------------------------+------------------+------+
|1     |top                     |                  |   342|
|2     |  inst_uart             |uart              |   125|
|3     |  inst_receive_OK       |receive_OK        |    93|
|4     |    u_WiFi_Receiver_mac |WiFi_Receiver_mac |    93|
+------+------------------------+------------------+------+
---------------------------------------------------------------------------------
Finished Writing Synthesis Report : Time (s): cpu = 00:00:22 ; elapsed = 00:00:23 . Memory (MB): peak = 613.500 ; gain = 440.504
---------------------------------------------------------------------------------
Synthesis finished with 0 errors, 0 critical warnings and 10 warnings.
Synthesis Optimization Runtime : Time (s): cpu = 00:00:14 ; elapsed = 00:00:17 . Memory (MB): peak = 613.500 ; gain = 51.277
Synthesis Optimization Complete : Time (s): cpu = 00:00:22 ; elapsed = 00:00:23 . Memory (MB): peak = 613.500 ; gain = 440.504
INFO: [Project 1-571] Translating synthesized netlist
INFO: [Netlist 29-17] Analyzing 4 Unisim elements for replacement
INFO: [Netlist 29-28] Unisim Transformation completed in 0 CPU seconds
INFO: [Project 1-570] Preparing netlist for logic optimization
INFO: [Opt 31-138] Pushed 0 inverter(s) to 0 load pin(s).
INFO: [Project 1-111] Unisim Transformation Summary:
No Unisim elements were transformed.

INFO: [Common 17-83] Releasing license: Synthesis
49 Infos, 19 Warnings, 0 Critical Warnings and 0 Errors encountered.
synth_design completed successfully
synth_design: Time (s): cpu = 00:00:20 ; elapsed = 00:00:22 . Memory (MB): peak = 613.500 ; gain = 401.066
report_utilization: Time (s): cpu = 00:00:00 ; elapsed = 00:00:00 . Memory (MB): peak = 613.500 ; gain = 0.000
INFO: [Common 17-206] Exiting Vivado at Fri Jul 21 15:31:18 2017...
